Using pre-set license
Built from '2020.3/release' branch; Version is '2020.3.12f1 (b3b2c6512326) revision 11776710'; Using compiler version '192528614'; Build Type 'Release'
OS: 'Windows 10 Pro; OS build 19042.1237; Version 2009; 64bit' Language: 'tr' Physical Memory: 16342 MB
BatchMode: 1, IsHumanControllingUs: 0, StartBugReporterOnCrash: 0, Is64bit: 1, IsPro: 0

 COMMAND LINE ARGUMENTS:
C:\Program Files\Unity\Editor\2020.3.12f1\Editor\Unity.exe
-adb2
-batchMode
-noUpm
-name
AssetImportWorker0
-projectPath
D:/GitHub/Unity 3D/Argon Assault
-logFile
Logs/AssetImportWorker0.log
-srvPort
57292
Successfully changed project path to: D:/GitHub/Unity 3D/Argon Assault
D:/GitHub/Unity 3D/Argon Assault
Using Asset Import Pipeline V2.
Refreshing native plugins compatible for Editor in 41.75 ms, found 2 plugins.
Preloading 0 native plugins for Editor in 0.00 ms.
Initialize engine version: 2020.3.12f1 (b3b2c6512326)
[Subsystems] Discovering subsystems at path C:/Program Files/Unity/Editor/2020.3.12f1/Editor/Data/Resources/UnitySubsystems
[Subsystems] Discovering subsystems at path D:/GitHub/Unity 3D/Argon Assault/Assets
GfxDevice: creating device client; threaded=0
Direct3D:
    Version:  Direct3D 11.0 [level 11.1]
    Renderer: NVIDIA GeForce RTX 3060 Ti (ID=0x2486)
    Vendor:   
    VRAM:     8050 MB
    Driver:   30.0.14.7212
Initialize mono
Mono path[0] = 'C:/Program Files/Unity/Editor/2020.3.12f1/Editor/Data/Managed'
Mono path[1] = 'C:/Program Files/Unity/Editor/2020.3.12f1/Editor/Data/MonoBleedingEdge/lib/mono/unityjit'
Mono config path = 'C:/Program Files/Unity/Editor/2020.3.12f1/Editor/Data/MonoBleedingEdge/etc'
Using monoOptions --debugger-agent=transport=dt_socket,embedding=1,server=y,suspend=n,address=127.0.0.1:56332
Begin MonoManager ReloadAssembly
Registering precompiled unity dll's ...
Register platform support module: C:/Program Files/Unity/Editor/2020.3.12f1/Editor/Data/PlaybackEngines/WebGLSupport/UnityEditor.WebGL.Extensions.dll
Register platform support module: C:/Program Files/Unity/Editor/2020.3.12f1/Editor/Data/PlaybackEngines/WindowsStandaloneSupport/UnityEditor.WindowsStandalone.Extensions.dll
Registered in 0.003565 seconds.
Native extension for WindowsStandalone target not found
Native extension for WebGL target not found
Refreshing native plugins compatible for Editor in 28.42 ms, found 2 plugins.
Preloading 0 native plugins for Editor in 0.00 ms.
Mono: successfully reloaded assembly
- Completed reload, in  2.373 seconds
Platform modules already initialized, skipping
Registering precompiled user dll's ...
Registered in 0.009509 seconds.
Begin MonoManager ReloadAssembly
Native extension for WindowsStandalone target not found
Native extension for WebGL target not found
Refreshing native plugins compatible for Editor in 30.45 ms, found 2 plugins.
Preloading 0 native plugins for Editor in 0.00 ms.
Mono: successfully reloaded assembly
- Completed reload, in  1.217 seconds
Platform modules already initialized, skipping
========================================================================
Worker process is ready to serve import requests
Launched and connected shader compiler UnityShaderCompiler.exe after 0.11 seconds
Refreshing native plugins compatible for Editor in 0.31 ms, found 2 plugins.
Preloading 0 native plugins for Editor in 0.00 ms.
Unloading 1592 Unused Serialized files (Serialized files now loaded: 0)
System memory in use before: 98.3 MB.
System memory in use after: 98.2 MB.

Unloading 32 unused Assets to reduce memory usage. Loaded Objects now: 2056.
Total: 1.842600 ms (FindLiveObjects: 0.144300 ms CreateObjectMapping: 0.053700 ms MarkObjects: 1.467800 ms  DeleteObjects: 0.175700 ms)

AssetImportParameters requested are different than current active one (requested -> active):
  custom:framework-win-MediaFoundation: 216162199b28c13a410421893ffa2e32 -> 
  custom:video-decoder-ogg-theora: a1e56fd34408186e4bbccfd4996cb3dc -> 
  custom:container-muxer-webm: aa71ff27fc2769a1b78a27578f13a17b -> 
  custom:container-demuxer-webm: 4f35f7cbe854078d1ac9338744f61a02 -> 
  custom:container-demuxer-ogg: 62fdf1f143b41e24485cea50d1cbac27 -> 
  custom:video-encoder-webm-vp8: eb34c28f22e8b96e1ab97ce403110664 -> 
  custom:video-decoder-webm-vp8: 9c59270c3fd7afecdb556c50c9e8de78 -> 
  custom:audio-decoder-ogg-vorbis: bf7c407c2cedff20999df2af8eb42d56 -> 
  custom:audio-encoder-webm-vorbis: bf7c407c2cedff20999df2af8eb42d56 -> 
========================================================================
Received Import Request.
  path: Assets/Scripts/PlayerController.cs
  artifactKey: Guid(ef3dedfe652e2d44baa5464cf4c5f636) Importer(815301076,1909f56bfc062723c751e8b465ee728b)
Start importing Assets/Scripts/PlayerController.cs using Guid(ef3dedfe652e2d44baa5464cf4c5f636) Importer(815301076,1909f56bfc062723c751e8b465ee728b)  -> (artifact id: '00326f35b69a8ba4d6435955c1a40788') in 0.226643 seconds 
  Import took 0.228985 seconds .

========================================================================
Received Prepare
Registering precompiled user dll's ...
Registered in 0.006042 seconds.
Begin MonoManager ReloadAssembly
Native extension for WindowsStandalone target not found
Native extension for WebGL target not found
Refreshing native plugins compatible for Editor in 0.28 ms, found 2 plugins.
Preloading 0 native plugins for Editor in 0.00 ms.
Mono: successfully reloaded assembly
- Completed reload, in  0.969 seconds
Platform modules already initialized, skipping
Refreshing native plugins compatible for Editor in 0.28 ms, found 2 plugins.
Preloading 0 native plugins for Editor in 0.00 ms.
Unloading 1546 Unused Serialized files (Serialized files now loaded: 0)
System memory in use before: 94.3 MB.
System memory in use after: 94.2 MB.

Unloading 17 unused Assets to reduce memory usage. Loaded Objects now: 2059.
Total: 1.480600 ms (FindLiveObjects: 0.116000 ms CreateObjectMapping: 0.040300 ms MarkObjects: 1.186000 ms  DeleteObjects: 0.137400 ms)

AssetImportParameters requested are different than current active one (requested -> active):
  custom:framework-win-MediaFoundation: 216162199b28c13a410421893ffa2e32 -> 
  custom:video-decoder-ogg-theora: a1e56fd34408186e4bbccfd4996cb3dc -> 
  custom:container-muxer-webm: aa71ff27fc2769a1b78a27578f13a17b -> 
  custom:container-demuxer-webm: 4f35f7cbe854078d1ac9338744f61a02 -> 
  custom:container-demuxer-ogg: 62fdf1f143b41e24485cea50d1cbac27 -> 
  custom:video-encoder-webm-vp8: eb34c28f22e8b96e1ab97ce403110664 -> 
  custom:video-decoder-webm-vp8: 9c59270c3fd7afecdb556c50c9e8de78 -> 
  custom:audio-decoder-ogg-vorbis: bf7c407c2cedff20999df2af8eb42d56 -> 
  custom:audio-encoder-webm-vorbis: bf7c407c2cedff20999df2af8eb42d56 -> 
========================================================================
Received Import Request.
  Time since last request: 3714.030160 seconds.
  path: Assets/Particles/Particle Round Soft.mat
  artifactKey: Guid(e5379c58bf2bacd429a6b7ce417fe5e1) Importer(815301076,1909f56bfc062723c751e8b465ee728b)
Start importing Assets/Particles/Particle Round Soft.mat using Guid(e5379c58bf2bacd429a6b7ce417fe5e1) Importer(815301076,1909f56bfc062723c751e8b465ee728b)  -> (artifact id: 'a0a0eeb85a9e438a0424834904165119') in 0.102875 seconds 
  Import took 0.105082 seconds .

========================================================================
Received Import Request.
  Time since last request: 0.000189 seconds.
  path: Assets/Particles/Particle Round With Glow.png
  artifactKey: Guid(26a47000b2b63ab4a8495532439e96b9) Importer(815301076,1909f56bfc062723c751e8b465ee728b)
Start importing Assets/Particles/Particle Round With Glow.png using Guid(26a47000b2b63ab4a8495532439e96b9) Importer(815301076,1909f56bfc062723c751e8b465ee728b)  -> (artifact id: '6efeef4b1c99006d3af3f5409c205013') in 0.054257 seconds 
  Import took 0.068176 seconds .

========================================================================
Received Import Request.
  Time since last request: 0.000186 seconds.
  path: Assets/Particles/Particle Round Solid.mat
  artifactKey: Guid(b57a7da994ad2dd4a8d6cd38f3959d42) Importer(815301076,1909f56bfc062723c751e8b465ee728b)
Start importing Assets/Particles/Particle Round Solid.mat using Guid(b57a7da994ad2dd4a8d6cd38f3959d42) Importer(815301076,1909f56bfc062723c751e8b465ee728b)  -> (artifact id: '631f3948e772b616c5091f4601436cda') in 0.012318 seconds 
  Import took 0.014347 seconds .

========================================================================
Received Import Request.
  Time since last request: 0.000181 seconds.
  path: Assets/Particles/Particle Square.png
  artifactKey: Guid(2963cc06c0ffac94c8dc1a0c50c0974d) Importer(815301076,1909f56bfc062723c751e8b465ee728b)
Start importing Assets/Particles/Particle Square.png using Guid(2963cc06c0ffac94c8dc1a0c50c0974d) Importer(815301076,1909f56bfc062723c751e8b465ee728b)  -> (artifact id: '1c0b660838411296203c7b3aab245032') in 0.009235 seconds 
  Import took 0.011499 seconds .

========================================================================
Received Import Request.
  Time since last request: 0.000210 seconds.
  path: Assets/Particles/Particle Star.png
  artifactKey: Guid(0ac18963ac864e6439034e50975cf0ef) Importer(815301076,1909f56bfc062723c751e8b465ee728b)
Start importing Assets/Particles/Particle Star.png using Guid(0ac18963ac864e6439034e50975cf0ef) Importer(815301076,1909f56bfc062723c751e8b465ee728b)  -> (artifact id: '01ed88cc0a59e58ad2ab6168f86c13c0') in 0.031708 seconds 
  Import took 0.034494 seconds .

========================================================================
Received Import Request.
  Time since last request: 0.000199 seconds.
  path: Assets/Particles/Particle Star.mat
  artifactKey: Guid(2ee365f7bb02bd34e92396f1b3507d28) Importer(815301076,1909f56bfc062723c751e8b465ee728b)
Start importing Assets/Particles/Particle Star.mat using Guid(2ee365f7bb02bd34e92396f1b3507d28) Importer(815301076,1909f56bfc062723c751e8b465ee728b)  -> (artifact id: '4c785bc4c8e90e8558dd1735564d5c39') in 0.021160 seconds 
  Import took 0.023377 seconds .

========================================================================
Received Import Request.
  Time since last request: 0.000313 seconds.
  path: Assets/Particles/Particle Square 1.mat
  artifactKey: Guid(2cbfbbcf3e223344a83f96898c93ddc9) Importer(815301076,1909f56bfc062723c751e8b465ee728b)
Start importing Assets/Particles/Particle Square 1.mat using Guid(2cbfbbcf3e223344a83f96898c93ddc9) Importer(815301076,1909f56bfc062723c751e8b465ee728b)  -> (artifact id: '3e52253d8b9dbe3c9431335766571659') in 0.030422 seconds 
  Import took 0.032617 seconds .

========================================================================
Received Import Request.
  Time since last request: 0.000182 seconds.
  path: Assets/Particles/Particle Round Solid.png
  artifactKey: Guid(54dfaffec1805914193dea617a90e211) Importer(815301076,1909f56bfc062723c751e8b465ee728b)
Start importing Assets/Particles/Particle Round Solid.png using Guid(54dfaffec1805914193dea617a90e211) Importer(815301076,1909f56bfc062723c751e8b465ee728b)  -> (artifact id: 'a0812dd7030ee068b2147d25ad75dec5') in 0.023669 seconds 
  Import took 0.025736 seconds .

========================================================================
Received Import Request.
  Time since last request: 220.312083 seconds.
  path: Assets/Timeline/Master Timeline.playable
  artifactKey: Guid(9a83db1f5e8a9f046abb70f2db2ac738) Importer(815301076,1909f56bfc062723c751e8b465ee728b)
Start importing Assets/Timeline/Master Timeline.playable using Guid(9a83db1f5e8a9f046abb70f2db2ac738) Importer(815301076,1909f56bfc062723c751e8b465ee728b)  -> (artifact id: '5df48b7a2bc40c24a6a2c3ef5d5a1699') in 0.016389 seconds 
  Import took 0.018694 seconds .

========================================================================
Received Import Request.
  Time since last request: 25.751309 seconds.
  path: Assets/Prefabs
  artifactKey: Guid(c87fa279745c40847a6728a84f6ac0f2) Importer(815301076,1909f56bfc062723c751e8b465ee728b)
Start importing Assets/Prefabs using Guid(c87fa279745c40847a6728a84f6ac0f2) Importer(815301076,1909f56bfc062723c751e8b465ee728b)  -> (artifact id: '3bd6057d536e87efa86a1a31c24194bb') in 0.004998 seconds 
  Import took 0.007138 seconds .

========================================================================
Received Import Request.
  Time since last request: 3.052481 seconds.
  path: Assets/Prefabs/Laser.prefab
  artifactKey: Guid(11d1ff44ef7e60a419dde1792340b565) Importer(815301076,1909f56bfc062723c751e8b465ee728b)
Start importing Assets/Prefabs/Laser.prefab using Guid(11d1ff44ef7e60a419dde1792340b565) Importer(815301076,1909f56bfc062723c751e8b465ee728b)  -> (artifact id: 'a72bc731a89bbd33fd99611d1b7ab3f1') in 0.015711 seconds 
  Import took 0.018159 seconds .

========================================================================
Received Import Request.
  Time since last request: 2.393211 seconds.
  path: Assets/Prefabs/Player Rig.prefab
  artifactKey: Guid(b70e4843948439c4b9a4ceb682a5a5e9) Importer(815301076,1909f56bfc062723c751e8b465ee728b)
Start importing Assets/Prefabs/Player Rig.prefab using Guid(b70e4843948439c4b9a4ceb682a5a5e9) Importer(815301076,1909f56bfc062723c751e8b465ee728b)  -> (artifact id: '3a83a1d8e171d43fdddbf57140cafae1') in 0.076361 seconds 
  Import took 0.078810 seconds .

========================================================================
Received Import Request.
  Time since last request: 23.654352 seconds.
  path: Assets/AssetPacks/StarSparrow/Prefabs/Examples/StarSparrow3.prefab
  artifactKey: Guid(e261f7b66a8f0fd4492d87df1eee4222) Importer(815301076,1909f56bfc062723c751e8b465ee728b)
Start importing Assets/AssetPacks/StarSparrow/Prefabs/Examples/StarSparrow3.prefab using Guid(e261f7b66a8f0fd4492d87df1eee4222) Importer(815301076,1909f56bfc062723c751e8b465ee728b)  -> (artifact id: '2635ac299950c347223fa85fc34aedf7') in 0.054038 seconds 
  Import took 0.056398 seconds .

========================================================================
Received Import Request.
  Time since last request: 0.165410 seconds.
  path: Assets/AssetPacks/StarSparrow/Prefabs/Examples/StarSparrow3.prefab
  artifactKey: Guid(e261f7b66a8f0fd4492d87df1eee4222) Importer(815301076,1909f56bfc062723c751e8b465ee728b)
Start importing Assets/AssetPacks/StarSparrow/Prefabs/Examples/StarSparrow3.prefab using Guid(e261f7b66a8f0fd4492d87df1eee4222) Importer(815301076,1909f56bfc062723c751e8b465ee728b)  -> (artifact id: '2635ac299950c347223fa85fc34aedf7') in 0.020951 seconds 
  Import took 0.023644 seconds .

========================================================================
Received Import Request.
  Time since last request: 229.725651 seconds.
  path: Assets/Prefabs/Player Rig.prefab
  artifactKey: Guid(b70e4843948439c4b9a4ceb682a5a5e9) Importer(815301076,1909f56bfc062723c751e8b465ee728b)
Start importing Assets/Prefabs/Player Rig.prefab using Guid(b70e4843948439c4b9a4ceb682a5a5e9) Importer(815301076,1909f56bfc062723c751e8b465ee728b)  -> (artifact id: '764854ec4176e7c15c9d5d820e085d62') in 0.023087 seconds 
  Import took 0.026021 seconds .

========================================================================
Received Import Request.
  Time since last request: 5.170616 seconds.
  path: Assets/Prefabs/Player Rig.prefab
  artifactKey: Guid(b70e4843948439c4b9a4ceb682a5a5e9) Importer(815301076,1909f56bfc062723c751e8b465ee728b)
Start importing Assets/Prefabs/Player Rig.prefab using Guid(b70e4843948439c4b9a4ceb682a5a5e9) Importer(815301076,1909f56bfc062723c751e8b465ee728b)  -> (artifact id: '00000000000000000000000000000000') in 0.031078 seconds  code(4) message(Build asset version error: assets/prefabs/player rig.prefab in SourceAssetDB has modification time of '2021-10-12T14:51:40.6569529Z' while content on disk has modification time of '2021-10-12T14:51:45.9311141Z')
  ERROR: Build asset version error: assets/prefabs/player rig.prefab in SourceAssetDB has modification time of '2021-10-12T14:51:40.6569529Z' while content on disk has modification time of '2021-10-12T14:51:45.9311141Z'
  Import took 0.033425 seconds .

========================================================================
Received Import Request.
  Time since last request: 0.000219 seconds.
  path: Assets/Prefabs/StarSparrow3.prefab
  artifactKey: Guid(e261f7b66a8f0fd4492d87df1eee4222) Importer(815301076,1909f56bfc062723c751e8b465ee728b)
Start importing Assets/Prefabs/StarSparrow3.prefab using Guid(e261f7b66a8f0fd4492d87df1eee4222) Importer(815301076,1909f56bfc062723c751e8b465ee728b)  -> (artifact id: 'b79ced2fca31fe995686770df171e078') in 0.021121 seconds 
  Import took 0.023780 seconds .

========================================================================
Received Import Request.
  Time since last request: 0.011583 seconds.
  path: Assets/Prefabs/Player Rig.prefab
  artifactKey: Guid(b70e4843948439c4b9a4ceb682a5a5e9) Importer(815301076,1909f56bfc062723c751e8b465ee728b)
Start importing Assets/Prefabs/Player Rig.prefab using Guid(b70e4843948439c4b9a4ceb682a5a5e9) Importer(815301076,1909f56bfc062723c751e8b465ee728b)  -> (artifact id: '4285eaa43ab70b861f5577a7b74e7405') in 0.030639 seconds 
  Import took 0.033284 seconds .

========================================================================
Received Import Request.
  Time since last request: 0.019315 seconds.
  path: Assets/Prefabs/Player Rig.prefab
  artifactKey: Guid(b70e4843948439c4b9a4ceb682a5a5e9) Importer(815301076,1909f56bfc062723c751e8b465ee728b)
Start importing Assets/Prefabs/Player Rig.prefab using Guid(b70e4843948439c4b9a4ceb682a5a5e9) Importer(815301076,1909f56bfc062723c751e8b465ee728b)  -> (artifact id: '4285eaa43ab70b861f5577a7b74e7405') in 0.025900 seconds 
  Import took 0.028588 seconds .

========================================================================
Received Prepare
Registering precompiled user dll's ...
Registered in 0.006754 seconds.
Begin MonoManager ReloadAssembly
Native extension for WindowsStandalone target not found
Native extension for WebGL target not found
Refreshing native plugins compatible for Editor in 0.28 ms, found 2 plugins.
Preloading 0 native plugins for Editor in 0.00 ms.
Mono: successfully reloaded assembly
- Completed reload, in  0.951 seconds
Platform modules already initialized, skipping
Refreshing native plugins compatible for Editor in 0.28 ms, found 2 plugins.
Preloading 0 native plugins for Editor in 0.00 ms.
Unloading 1546 Unused Serialized files (Serialized files now loaded: 0)
System memory in use before: 97.7 MB.
System memory in use after: 97.6 MB.

Unloading 17 unused Assets to reduce memory usage. Loaded Objects now: 2104.
Total: 1.489600 ms (FindLiveObjects: 0.122300 ms CreateObjectMapping: 0.041300 ms MarkObjects: 1.193700 ms  DeleteObjects: 0.131400 ms)

AssetImportParameters requested are different than current active one (requested -> active):
  custom:framework-win-MediaFoundation: 216162199b28c13a410421893ffa2e32 -> 
  custom:video-decoder-ogg-theora: a1e56fd34408186e4bbccfd4996cb3dc -> 
  custom:container-muxer-webm: aa71ff27fc2769a1b78a27578f13a17b -> 
  custom:container-demuxer-webm: 4f35f7cbe854078d1ac9338744f61a02 -> 
  custom:container-demuxer-ogg: 62fdf1f143b41e24485cea50d1cbac27 -> 
  custom:video-encoder-webm-vp8: eb34c28f22e8b96e1ab97ce403110664 -> 
  custom:video-decoder-webm-vp8: 9c59270c3fd7afecdb556c50c9e8de78 -> 
  custom:audio-decoder-ogg-vorbis: bf7c407c2cedff20999df2af8eb42d56 -> 
  custom:audio-encoder-webm-vorbis: bf7c407c2cedff20999df2af8eb42d56 -> 
========================================================================
Received Import Request.
  Time since last request: 606.160836 seconds.
  path: Assets/AssetPacks/StarSparrow/Materials/BonusContent/AsteroidsLava_Blue.mat
  artifactKey: Guid(e1cac9f87fda27445ac6a54ade344d63) Importer(815301076,1909f56bfc062723c751e8b465ee728b)
Start importing Assets/AssetPacks/StarSparrow/Materials/BonusContent/AsteroidsLava_Blue.mat using Guid(e1cac9f87fda27445ac6a54ade344d63) Importer(815301076,1909f56bfc062723c751e8b465ee728b)  -> (artifact id: 'fdbf0ae2f646a9681da6f985c600ddda') in 0.205824 seconds 
  Import took 0.214617 seconds .

========================================================================
Received Import Request.
  Time since last request: 0.000185 seconds.
  path: Assets/AssetPacks/Standard Assets/Environment/SpeedTree/Conifer/Conifer_Desktop Materials/LOD2/Branches_0.mat
  artifactKey: Guid(dffa6c1325fd30b41819f03be58b91e7) Importer(815301076,1909f56bfc062723c751e8b465ee728b)
Start importing Assets/AssetPacks/Standard Assets/Environment/SpeedTree/Conifer/Conifer_Desktop Materials/LOD2/Branches_0.mat using Guid(dffa6c1325fd30b41819f03be58b91e7) Importer(815301076,1909f56bfc062723c751e8b465ee728b)  -> (artifact id: '58db0bf18c7ba7b4ef15741ac21ad027') in 0.017074 seconds 
  Import took 0.028199 seconds .

========================================================================
Received Import Request.
  Time since last request: 0.000280 seconds.
  path: Assets/AssetPacks/Standard Assets/Environment/SpeedTree/Palm/Palm_Desktop Materials/Billboard.mat
  artifactKey: Guid(6e680dda9368db5418f19388474277a2) Importer(815301076,1909f56bfc062723c751e8b465ee728b)
Start importing Assets/AssetPacks/Standard Assets/Environment/SpeedTree/Palm/Palm_Desktop Materials/Billboard.mat using Guid(6e680dda9368db5418f19388474277a2) Importer(815301076,1909f56bfc062723c751e8b465ee728b)  -> (artifact id: 'df2c4aacc732b0e4347866cbc2b25a3f') in 0.122005 seconds 
  Import took 0.136133 seconds .

========================================================================
Received Import Request.
  Time since last request: 0.000196 seconds.
  path: Assets/AssetPacks/Standard Assets/Environment/SpeedTree/Broadleaf/Broadleaf_Desktop Materials/LOD0/FacingLeaves_4.mat
  artifactKey: Guid(d5b20def9c5c05748a01627738b94531) Importer(815301076,1909f56bfc062723c751e8b465ee728b)
Start importing Assets/AssetPacks/Standard Assets/Environment/SpeedTree/Broadleaf/Broadleaf_Desktop Materials/LOD0/FacingLeaves_4.mat using Guid(d5b20def9c5c05748a01627738b94531) Importer(815301076,1909f56bfc062723c751e8b465ee728b)  -> (artifact id: '843e1861e16880fd43c56703d7a2bf91') in 0.028858 seconds 
  Import took 0.038270 seconds .

========================================================================
Received Import Request.
  Time since last request: 0.000869 seconds.
  path: Assets/AssetPacks/Standard Assets/Environment/SpeedTree/Broadleaf/Broadleaf_Mobile Materials/Billboard.mat
  artifactKey: Guid(8c1755df5f552e843b9f8485f72e71f8) Importer(815301076,1909f56bfc062723c751e8b465ee728b)
Start importing Assets/AssetPacks/Standard Assets/Environment/SpeedTree/Broadleaf/Broadleaf_Mobile Materials/Billboard.mat using Guid(8c1755df5f552e843b9f8485f72e71f8) Importer(815301076,1909f56bfc062723c751e8b465ee728b)  -> (artifact id: '1197e71756a4566dd11cc5c29ce6ccf1') in 0.018007 seconds 
  Import took 0.023936 seconds .

========================================================================
Received Import Request.
  Time since last request: 0.000172 seconds.
  path: Assets/AssetPacks/Standard Assets/Environment/SpeedTree/Broadleaf/Broadleaf_Mobile Materials/LOD1/Branches_0.mat
  artifactKey: Guid(1092dd21af768cb499771bf88709dbbd) Importer(815301076,1909f56bfc062723c751e8b465ee728b)
Start importing Assets/AssetPacks/Standard Assets/Environment/SpeedTree/Broadleaf/Broadleaf_Mobile Materials/LOD1/Branches_0.mat using Guid(1092dd21af768cb499771bf88709dbbd) Importer(815301076,1909f56bfc062723c751e8b465ee728b)  -> (artifact id: '6d83860f492c210f86a41f5efe2b0c82') in 0.015906 seconds 
  Import took 0.035984 seconds .

========================================================================
Received Import Request.
  Time since last request: 0.000191 seconds.
  path: Assets/AssetPacks/Standard Assets/Environment/SpeedTree/Broadleaf/Broadleaf_Desktop Materials/LOD0/Branches_0.mat
  artifactKey: Guid(89bc4a04979629642988a379a429608a) Importer(815301076,1909f56bfc062723c751e8b465ee728b)
Start importing Assets/AssetPacks/Standard Assets/Environment/SpeedTree/Broadleaf/Broadleaf_Desktop Materials/LOD0/Branches_0.mat using Guid(89bc4a04979629642988a379a429608a) Importer(815301076,1909f56bfc062723c751e8b465ee728b)  -> (artifact id: '1197282d4f0848c289f934b2a35371f9') in 0.015257 seconds 
  Import took 0.017374 seconds .

========================================================================
Received Import Request.
  Time since last request: 0.000174 seconds.
  path: Assets/AssetPacks/Standard Assets/Environment/SpeedTree/Broadleaf/Broadleaf_Desktop Materials/LOD2/Branches_1.mat
  artifactKey: Guid(639aa87a96d586c4e84838574ce20ca3) Importer(815301076,1909f56bfc062723c751e8b465ee728b)
Start importing Assets/AssetPacks/Standard Assets/Environment/SpeedTree/Broadleaf/Broadleaf_Desktop Materials/LOD2/Branches_1.mat using Guid(639aa87a96d586c4e84838574ce20ca3) Importer(815301076,1909f56bfc062723c751e8b465ee728b)  -> (artifact id: '3c455710b9aca4e4d948a1a911633e98') in 0.013116 seconds 
  Import took 0.015521 seconds .

========================================================================
Received Import Request.
  Time since last request: 0.000185 seconds.
  path: Assets/AssetPacks/Standard Assets/Environment/SpeedTree/Palm/Palm_Desktop Materials/LOD2/Fronds_2.mat
  artifactKey: Guid(9b49c2e157c705944beb6767e25cd742) Importer(815301076,1909f56bfc062723c751e8b465ee728b)
Start importing Assets/AssetPacks/Standard Assets/Environment/SpeedTree/Palm/Palm_Desktop Materials/LOD2/Fronds_2.mat using Guid(9b49c2e157c705944beb6767e25cd742) Importer(815301076,1909f56bfc062723c751e8b465ee728b)  -> (artifact id: '01b8e2a83a50a5063ef5d9696ab0242e') in 0.122597 seconds 
  Import took 0.134917 seconds .

========================================================================
Received Import Request.
  Time since last request: 0.000180 seconds.
  path: Assets/AssetPacks/Standard Assets/Environment/SpeedTree/Palm/Palm_Desktop Materials/LOD1/Branches_0.mat
  artifactKey: Guid(46160e8fc1456bc4d9fb3de64ba88c31) Importer(815301076,1909f56bfc062723c751e8b465ee728b)
Start importing Assets/AssetPacks/Standard Assets/Environment/SpeedTree/Palm/Palm_Desktop Materials/LOD1/Branches_0.mat using Guid(46160e8fc1456bc4d9fb3de64ba88c31) Importer(815301076,1909f56bfc062723c751e8b465ee728b)  -> (artifact id: '4d4462c4038c91142030b979f2b5346e') in 0.081841 seconds 
  Import took 0.084029 seconds .

========================================================================
Received Import Request.
  Time since last request: 0.000193 seconds.
  path: Assets/AssetPacks/Standard Assets/Environment/SpeedTree/Palm/Palm_Desktop Materials/LOD0/Branches_1.mat
  artifactKey: Guid(fa40ba727cdc90245aac11f0ff5ead8e) Importer(815301076,1909f56bfc062723c751e8b465ee728b)
Start importing Assets/AssetPacks/Standard Assets/Environment/SpeedTree/Palm/Palm_Desktop Materials/LOD0/Branches_1.mat using Guid(fa40ba727cdc90245aac11f0ff5ead8e) Importer(815301076,1909f56bfc062723c751e8b465ee728b)  -> (artifact id: '18933bea8be805ffe592683edb7b8f06') in 0.019735 seconds 
  Import took 0.028914 seconds .

========================================================================
Received Import Request.
  Time since last request: 0.000183 seconds.
  path: Assets/AssetPacks/StarSparrow/Materials/BonusContent/Bomb.mat
  artifactKey: Guid(2d81e0bd71e79784199dbdf6880a51e6) Importer(815301076,1909f56bfc062723c751e8b465ee728b)
Start importing Assets/AssetPacks/StarSparrow/Materials/BonusContent/Bomb.mat using Guid(2d81e0bd71e79784199dbdf6880a51e6) Importer(815301076,1909f56bfc062723c751e8b465ee728b)  -> (artifact id: '588bef3677975036fc943d877d5b45ce') in 0.110931 seconds 
  Import took 0.113011 seconds .

========================================================================
Received Import Request.
  Time since last request: 0.000178 seconds.
  path: Assets/AssetPacks/Standard Assets/Environment/SpeedTree/Palm/Palm_Desktop Materials/LOD2/Branches_0.mat
  artifactKey: Guid(5c6bda52f548c164381f24c22067e446) Importer(815301076,1909f56bfc062723c751e8b465ee728b)
Start importing Assets/AssetPacks/Standard Assets/Environment/SpeedTree/Palm/Palm_Desktop Materials/LOD2/Branches_0.mat using Guid(5c6bda52f548c164381f24c22067e446) Importer(815301076,1909f56bfc062723c751e8b465ee728b)  -> (artifact id: '96b6c26197bb26fe0d1b3cabdfa536ca') in 0.014241 seconds 
  Import took 0.026993 seconds .

========================================================================
Received Import Request.
  Time since last request: 0.000180 seconds.
  path: Assets/AssetPacks/Standard Assets/Environment/SpeedTree/Broadleaf/Broadleaf_Desktop Materials/LOD1/Branches_0.mat
  artifactKey: Guid(4be5b19d42487c24f830c4ee36849a95) Importer(815301076,1909f56bfc062723c751e8b465ee728b)
Start importing Assets/AssetPacks/Standard Assets/Environment/SpeedTree/Broadleaf/Broadleaf_Desktop Materials/LOD1/Branches_0.mat using Guid(4be5b19d42487c24f830c4ee36849a95) Importer(815301076,1909f56bfc062723c751e8b465ee728b)  -> (artifact id: '2ede4b00524a97f73df27fc355c73831') in 0.010504 seconds 
  Import took 0.023472 seconds .

========================================================================
Received Import Request.
  Time since last request: 0.000197 seconds.
  path: Assets/AssetPacks/Standard Assets/Environment/SpeedTree/Conifer/Conifer_Desktop Materials/LOD0/Branches_0.mat
  artifactKey: Guid(d4880c932a8e12b48a3039233e9634a0) Importer(815301076,1909f56bfc062723c751e8b465ee728b)
Start importing Assets/AssetPacks/Standard Assets/Environment/SpeedTree/Conifer/Conifer_Desktop Materials/LOD0/Branches_0.mat using Guid(d4880c932a8e12b48a3039233e9634a0) Importer(815301076,1909f56bfc062723c751e8b465ee728b)  -> (artifact id: 'eacdc4bd62334ba2ac1d32f020e2dfb2') in 0.010699 seconds 
  Import took 0.013312 seconds .

========================================================================
Received Import Request.
  Time since last request: 0.000203 seconds.
  path: Assets/AssetPacks/Standard Assets/Environment/SpeedTree/Conifer/Conifer_Desktop Materials/Billboard.mat
  artifactKey: Guid(e625f56663597ef4899f86b588b4d506) Importer(815301076,1909f56bfc062723c751e8b465ee728b)
Start importing Assets/AssetPacks/Standard Assets/Environment/SpeedTree/Conifer/Conifer_Desktop Materials/Billboard.mat using Guid(e625f56663597ef4899f86b588b4d506) Importer(815301076,1909f56bfc062723c751e8b465ee728b)  -> (artifact id: '25038592aac97b4fa781cb0cc8dd2a4f') in 0.100603 seconds 
  Import took 0.102666 seconds .

========================================================================
Received Import Request.
  Time since last request: 0.000173 seconds.
  path: Assets/AssetPacks/Standard Assets/Environment/SpeedTree/Conifer/Conifer_Desktop Materials/LOD2/Branches_1.mat
  artifactKey: Guid(57df284b8a7c87b4894ac5f9c86e0be9) Importer(815301076,1909f56bfc062723c751e8b465ee728b)
Start importing Assets/AssetPacks/Standard Assets/Environment/SpeedTree/Conifer/Conifer_Desktop Materials/LOD2/Branches_1.mat using Guid(57df284b8a7c87b4894ac5f9c86e0be9) Importer(815301076,1909f56bfc062723c751e8b465ee728b)  -> (artifact id: '069cf5596e87200c73afb62045229a30') in 0.011380 seconds 
  Import took 0.014082 seconds .

========================================================================
Received Import Request.
  Time since last request: 0.000192 seconds.
  path: Assets/AssetPacks/Standard Assets/Environment/SpeedTree/Conifer/Conifer_Desktop Materials/LOD1/Branches_0.mat
  artifactKey: Guid(54ee8e39b634b6d45aae528b6b24e879) Importer(815301076,1909f56bfc062723c751e8b465ee728b)
Start importing Assets/AssetPacks/Standard Assets/Environment/SpeedTree/Conifer/Conifer_Desktop Materials/LOD1/Branches_0.mat using Guid(54ee8e39b634b6d45aae528b6b24e879) Importer(815301076,1909f56bfc062723c751e8b465ee728b)  -> (artifact id: 'c702bff75a9256a19ef06b7976d14cf2') in 0.010220 seconds 
  Import took 0.012978 seconds .

========================================================================
Received Import Request.
  Time since last request: 0.000177 seconds.
  path: Assets/AssetPacks/Standard Assets/Environment/SpeedTree/Broadleaf/Broadleaf_Desktop Materials/Billboard.mat
  artifactKey: Guid(d68104aea3d1d084385a1acc7c896247) Importer(815301076,1909f56bfc062723c751e8b465ee728b)
Start importing Assets/AssetPacks/Standard Assets/Environment/SpeedTree/Broadleaf/Broadleaf_Desktop Materials/Billboard.mat using Guid(d68104aea3d1d084385a1acc7c896247) Importer(815301076,1909f56bfc062723c751e8b465ee728b)  -> (artifact id: '0bdb1f4249b420be352d6006355724d6') in 0.091727 seconds 
  Import took 0.099664 seconds .

========================================================================
Received Import Request.
  Time since last request: 0.000180 seconds.
  path: Assets/AssetPacks/Standard Assets/Environment/SpeedTree/Broadleaf/Broadleaf_Mobile Materials/LOD0/Branches_0.mat
  artifactKey: Guid(bfc1dabf45016eb46b99df1a78054924) Importer(815301076,1909f56bfc062723c751e8b465ee728b)
Start importing Assets/AssetPacks/Standard Assets/Environment/SpeedTree/Broadleaf/Broadleaf_Mobile Materials/LOD0/Branches_0.mat using Guid(bfc1dabf45016eb46b99df1a78054924) Importer(815301076,1909f56bfc062723c751e8b465ee728b)  -> (artifact id: 'cbfd927b5042f02b312c0a961fcd2698') in 0.011695 seconds 
  Import took 0.022157 seconds .

========================================================================
Received Import Request.
  Time since last request: 0.000208 seconds.
  path: Assets/AssetPacks/Standard Assets/Environment/SpeedTree/Broadleaf/Broadleaf_Desktop Materials/LOD2/Branches_0.mat
  artifactKey: Guid(b0d5705176a0d36419d034e2ea46491a) Importer(815301076,1909f56bfc062723c751e8b465ee728b)
Start importing Assets/AssetPacks/Standard Assets/Environment/SpeedTree/Broadleaf/Broadleaf_Desktop Materials/LOD2/Branches_0.mat using Guid(b0d5705176a0d36419d034e2ea46491a) Importer(815301076,1909f56bfc062723c751e8b465ee728b)  -> (artifact id: '67b86ad09a7d142b2a6b46b99b22e9bb') in 0.010616 seconds 
  Import took 0.013451 seconds .

========================================================================
Received Import Request.
  Time since last request: 0.000202 seconds.
  path: Assets/AssetPacks/Standard Assets/Environment/SpeedTree/Broadleaf/Broadleaf_Desktop Materials/LOD0/Branches_1.mat
  artifactKey: Guid(e621ee108fde15148a5e4b4ab67667b9) Importer(815301076,1909f56bfc062723c751e8b465ee728b)
Start importing Assets/AssetPacks/Standard Assets/Environment/SpeedTree/Broadleaf/Broadleaf_Desktop Materials/LOD0/Branches_1.mat using Guid(e621ee108fde15148a5e4b4ab67667b9) Importer(815301076,1909f56bfc062723c751e8b465ee728b)  -> (artifact id: '629f331605420e1cc16802981911fc2e') in 0.012350 seconds 
  Import took 0.014636 seconds .

========================================================================
Received Import Request.
  Time since last request: 0.000181 seconds.
  path: Assets/AssetPacks/Standard Assets/Environment/SpeedTree/Broadleaf/Broadleaf_Mobile Materials/LOD2/Branches_0.mat
  artifactKey: Guid(cd764ab8662bea6468202df8741bcfd3) Importer(815301076,1909f56bfc062723c751e8b465ee728b)
Start importing Assets/AssetPacks/Standard Assets/Environment/SpeedTree/Broadleaf/Broadleaf_Mobile Materials/LOD2/Branches_0.mat using Guid(cd764ab8662bea6468202df8741bcfd3) Importer(815301076,1909f56bfc062723c751e8b465ee728b)  -> (artifact id: 'dd471df536167b2fefc5221c7fd65e27') in 0.011943 seconds 
  Import took 0.112942 seconds .

========================================================================
Received Import Request.
  Time since last request: 0.000177 seconds.
  path: Assets/AssetPacks/Standard Assets/Environment/SpeedTree/Broadleaf/Broadleaf_Desktop Materials/LOD1/Branches_1.mat
  artifactKey: Guid(97ad51f0a4aed0a4289f5462ce6dc18f) Importer(815301076,1909f56bfc062723c751e8b465ee728b)
Start importing Assets/AssetPacks/Standard Assets/Environment/SpeedTree/Broadleaf/Broadleaf_Desktop Materials/LOD1/Branches_1.mat using Guid(97ad51f0a4aed0a4289f5462ce6dc18f) Importer(815301076,1909f56bfc062723c751e8b465ee728b)  -> (artifact id: 'f79769637b9adeb89d21eda7e115e2dd') in 0.011074 seconds 
  Import took 0.077541 seconds .

========================================================================
Received Import Request.
  Time since last request: 0.000193 seconds.
  path: Assets/AssetPacks/Standard Assets/Environment/SpeedTree/Conifer/Conifer_Desktop Materials/LOD1/Branches_1.mat
  artifactKey: Guid(fecc9f713338e4943a8c38775af8c046) Importer(815301076,1909f56bfc062723c751e8b465ee728b)
Start importing Assets/AssetPacks/Standard Assets/Environment/SpeedTree/Conifer/Conifer_Desktop Materials/LOD1/Branches_1.mat using Guid(fecc9f713338e4943a8c38775af8c046) Importer(815301076,1909f56bfc062723c751e8b465ee728b)  -> (artifact id: '001e9fa4bb96fe5ee5f0bf2b534fcab1') in 0.010811 seconds 
  Import took 0.013163 seconds .

========================================================================
Received Import Request.
  Time since last request: 0.000180 seconds.
  path: Assets/AssetPacks/Standard Assets/Environment/SpeedTree/Palm/Palm_Desktop Materials/LOD0/Branches_0.mat
  artifactKey: Guid(39baceec69bb1ee4fb4194d50e1a6d10) Importer(815301076,1909f56bfc062723c751e8b465ee728b)
Start importing Assets/AssetPacks/Standard Assets/Environment/SpeedTree/Palm/Palm_Desktop Materials/LOD0/Branches_0.mat using Guid(39baceec69bb1ee4fb4194d50e1a6d10) Importer(815301076,1909f56bfc062723c751e8b465ee728b)  -> (artifact id: 'e45f431cfe11bb16a634c9aee3536f22') in 0.016180 seconds 
  Import took 0.058216 seconds .

========================================================================
Received Import Request.
  Time since last request: 0.000171 seconds.
  path: Assets/AssetPacks/StarSparrow/Materials/BonusContent/FlyingInsect_Purple.mat
  artifactKey: Guid(cb69702e662a4114aa3a332d2da74996) Importer(815301076,1909f56bfc062723c751e8b465ee728b)
Start importing Assets/AssetPacks/StarSparrow/Materials/BonusContent/FlyingInsect_Purple.mat using Guid(cb69702e662a4114aa3a332d2da74996) Importer(815301076,1909f56bfc062723c751e8b465ee728b)  -> (artifact id: '947be63aa2e0f3bf255b20b4ecfa915d') in 0.156606 seconds 
  Import took 0.163579 seconds .

========================================================================
Received Import Request.
  Time since last request: 0.000178 seconds.
  path: Assets/AssetPacks/StarSparrow/Materials/BonusContent/CloudsRed.mat
  artifactKey: Guid(191ced9846689714398ed909c5e9284a) Importer(815301076,1909f56bfc062723c751e8b465ee728b)
Start importing Assets/AssetPacks/StarSparrow/Materials/BonusContent/CloudsRed.mat using Guid(191ced9846689714398ed909c5e9284a) Importer(815301076,1909f56bfc062723c751e8b465ee728b)  -> (artifact id: '94b4d1181fcf3bb9981bb78212f5321e') in 0.168700 seconds 
  Import took 0.170621 seconds .

========================================================================
Received Import Request.
  Time since last request: 0.000185 seconds.
  path: Assets/AssetPacks/Standard Assets/Environment/SpeedTree/Conifer/Conifer_Desktop Materials/LOD0/Branches_1.mat
  artifactKey: Guid(fdb77c3917027234db7a7792019eda2e) Importer(815301076,1909f56bfc062723c751e8b465ee728b)
Start importing Assets/AssetPacks/Standard Assets/Environment/SpeedTree/Conifer/Conifer_Desktop Materials/LOD0/Branches_1.mat using Guid(fdb77c3917027234db7a7792019eda2e) Importer(815301076,1909f56bfc062723c751e8b465ee728b)  -> (artifact id: '760de39cc3577640ddda3371f253f68a') in 0.013528 seconds 
  Import took 0.015920 seconds .

========================================================================
Received Import Request.
  Time since last request: 0.000208 seconds.
  path: Assets/AssetPacks/StarSparrow/Materials/BonusContent/AsteroidsLava_Red.mat
  artifactKey: Guid(816eca2bca813da4883bad3b376c4dbc) Importer(815301076,1909f56bfc062723c751e8b465ee728b)
Start importing Assets/AssetPacks/StarSparrow/Materials/BonusContent/AsteroidsLava_Red.mat using Guid(816eca2bca813da4883bad3b376c4dbc) Importer(815301076,1909f56bfc062723c751e8b465ee728b)  -> (artifact id: '3b22f054a6c371f8567f7ff75b40a1ed') in 0.060687 seconds 
  Import took 0.063098 seconds .

========================================================================
Received Import Request.
  Time since last request: 0.000187 seconds.
  path: Assets/AssetPacks/Standard Assets/Environment/SpeedTree/Broadleaf/Broadleaf_Desktop Materials/LOD1/FacingLeaves_4.mat
  artifactKey: Guid(9938463bcd729fe41b4937cb6d2d692b) Importer(815301076,1909f56bfc062723c751e8b465ee728b)
Start importing Assets/AssetPacks/Standard Assets/Environment/SpeedTree/Broadleaf/Broadleaf_Desktop Materials/LOD1/FacingLeaves_4.mat using Guid(9938463bcd729fe41b4937cb6d2d692b) Importer(815301076,1909f56bfc062723c751e8b465ee728b)  -> (artifact id: '3a24586bbd83d14912f473e005671e77') in 0.013435 seconds 
  Import took 0.015749 seconds .

========================================================================
Received Import Request.
  Time since last request: 0.000175 seconds.
  path: Assets/AssetPacks/Standard Assets/Environment/SpeedTree/Broadleaf/Broadleaf_Desktop Materials/LOD2/FacingLeaves_4.mat
  artifactKey: Guid(d5222114580affc49a2af92470232e23) Importer(815301076,1909f56bfc062723c751e8b465ee728b)
Start importing Assets/AssetPacks/Standard Assets/Environment/SpeedTree/Broadleaf/Broadleaf_Desktop Materials/LOD2/FacingLeaves_4.mat using Guid(d5222114580affc49a2af92470232e23) Importer(815301076,1909f56bfc062723c751e8b465ee728b)  -> (artifact id: '7deeda4527bd7a5e4a8a8a406bbb3a99') in 0.011945 seconds 
  Import took 0.052062 seconds .

========================================================================
Received Import Request.
  Time since last request: 6.017088 seconds.
  path: Assets/AssetPacks/Standard Assets/Environment/Water/Water4/Materials/OceanPlaneMaterial.mat
  artifactKey: Guid(a437a9b380909fa4d98f929428f70388) Importer(815301076,1909f56bfc062723c751e8b465ee728b)
Start importing Assets/AssetPacks/Standard Assets/Environment/Water/Water4/Materials/OceanPlaneMaterial.mat using Guid(a437a9b380909fa4d98f929428f70388) Importer(815301076,1909f56bfc062723c751e8b465ee728b)  -> (artifact id: 'ebf0e3b459f1308fc97d8edf6234dfe2') in 0.020474 seconds 
  Import took 0.035152 seconds .

========================================================================
Received Import Request.
  Time since last request: 0.000190 seconds.
  path: Assets/AssetPacks/Standard Assets/Environment/Water/Water/Materials/WaterProNighttime.mat
  artifactKey: Guid(e633a20421c47426aa04444234225b69) Importer(815301076,1909f56bfc062723c751e8b465ee728b)
Start importing Assets/AssetPacks/Standard Assets/Environment/Water/Water/Materials/WaterProNighttime.mat using Guid(e633a20421c47426aa04444234225b69) Importer(815301076,1909f56bfc062723c751e8b465ee728b)  -> (artifact id: '2afb72c6ad9b4a9677a0f3b4edc9ba8b') in 0.142280 seconds 
  Import took 0.150829 seconds .

========================================================================
Received Import Request.
  Time since last request: 0.000169 seconds.
  path: Assets/AssetPacks/Standard Assets/Environment/Water/Water4/Materials/OceanPlaneMaterial.mat
  artifactKey: Guid(a437a9b380909fa4d98f929428f70388) Importer(815301076,1909f56bfc062723c751e8b465ee728b)
Start importing Assets/AssetPacks/Standard Assets/Environment/Water/Water4/Materials/OceanPlaneMaterial.mat using Guid(a437a9b380909fa4d98f929428f70388) Importer(815301076,1909f56bfc062723c751e8b465ee728b)  -> (artifact id: 'ebf0e3b459f1308fc97d8edf6234dfe2') in 0.011346 seconds 
  Import took 0.013442 seconds .

========================================================================
Received Import Request.
  Time since last request: 0.000178 seconds.
  path: Assets/AssetPacks/Standard Assets/Environment/Water (Basic)/Materials/WaterBasicDaytime.mat
  artifactKey: Guid(52b7d70b1de7c4ce09662b77c14d9fda) Importer(815301076,1909f56bfc062723c751e8b465ee728b)
Start importing Assets/AssetPacks/Standard Assets/Environment/Water (Basic)/Materials/WaterBasicDaytime.mat using Guid(52b7d70b1de7c4ce09662b77c14d9fda) Importer(815301076,1909f56bfc062723c751e8b465ee728b)  -> (artifact id: '5e5bb2a0322ccf95999b893d3160de1a') in 0.055326 seconds 
  Import took 0.057747 seconds .

========================================================================
Received Import Request.
  Time since last request: 0.000302 seconds.
  path: Assets/AssetPacks/Standard Assets/Environment/Water/Water4/Materials/Water4Advanced.mat
  artifactKey: Guid(a5f2339f242f6cc41a982ec55ea3c201) Importer(815301076,1909f56bfc062723c751e8b465ee728b)
Start importing Assets/AssetPacks/Standard Assets/Environment/Water/Water4/Materials/Water4Advanced.mat using Guid(a5f2339f242f6cc41a982ec55ea3c201) Importer(815301076,1909f56bfc062723c751e8b465ee728b)  -> (artifact id: '437651e109498d5cbfe0fe71f9cdfb69') in 0.054674 seconds 
  Import took 0.058054 seconds .

========================================================================
Received Import Request.
  Time since last request: 0.000181 seconds.
  path: Assets/AssetPacks/StarSparrow/Materials/Extra/StarSparrow_Orange.mat
  artifactKey: Guid(8b52c4a2cbd2a8248b7c6e782e73497e) Importer(815301076,1909f56bfc062723c751e8b465ee728b)
Start importing Assets/AssetPacks/StarSparrow/Materials/Extra/StarSparrow_Orange.mat using Guid(8b52c4a2cbd2a8248b7c6e782e73497e) Importer(815301076,1909f56bfc062723c751e8b465ee728b)  -> (artifact id: '332ed5c9535e67338a19dcd831c9f27f') in 0.066188 seconds 
  Import took 0.078542 seconds .

========================================================================
Received Import Request.
  Time since last request: 0.000175 seconds.
  path: Assets/AssetPacks/StarSparrow/Materials/BonusContent/TinniuqPlanet.mat
  artifactKey: Guid(58bc1c6f4cc25b942bb7eb6b75c68156) Importer(815301076,1909f56bfc062723c751e8b465ee728b)
Start importing Assets/AssetPacks/StarSparrow/Materials/BonusContent/TinniuqPlanet.mat using Guid(58bc1c6f4cc25b942bb7eb6b75c68156) Importer(815301076,1909f56bfc062723c751e8b465ee728b)  -> (artifact id: 'c82bfd68dbfe1b8dce0737a778168118') in 0.165009 seconds 
  Import took 0.176716 seconds .

========================================================================
Received Import Request.
  Time since last request: 0.000197 seconds.
  path: Assets/AssetPacks/Standard Assets/Environment/Water/Water/Materials/WaterProDaytime.mat
  artifactKey: Guid(7350b65a6431f604a8496c39db1ac9c5) Importer(815301076,1909f56bfc062723c751e8b465ee728b)
Start importing Assets/AssetPacks/Standard Assets/Environment/Water/Water/Materials/WaterProDaytime.mat using Guid(7350b65a6431f604a8496c39db1ac9c5) Importer(815301076,1909f56bfc062723c751e8b465ee728b)  -> (artifact id: '44af48cff6dd7884ffccf501f42167b4') in 0.051977 seconds 
  Import took 0.059809 seconds .

========================================================================
Received Import Request.
  Time since last request: 0.000200 seconds.
  path: Assets/AssetPacks/Standard Assets/Environment/Water (Basic)/Materials/WaterDefault.mat
  artifactKey: Guid(30abebfd9bf1c49d8a2d26e61e66bc15) Importer(815301076,1909f56bfc062723c751e8b465ee728b)
Start importing Assets/AssetPacks/Standard Assets/Environment/Water (Basic)/Materials/WaterDefault.mat using Guid(30abebfd9bf1c49d8a2d26e61e66bc15) Importer(815301076,1909f56bfc062723c751e8b465ee728b)  -> (artifact id: '81da08a78ba7327366778c698b8b7566') in 0.121757 seconds 
  Import took 0.139169 seconds .

========================================================================
Received Import Request.
  Time since last request: 0.000184 seconds.
  path: Assets/AssetPacks/Standard Assets/Environment/Water/Water/Materials/WaterPlaneMaterial.mat
  artifactKey: Guid(f1bc741ea0e69a241896582ddb633d55) Importer(815301076,1909f56bfc062723c751e8b465ee728b)
Start importing Assets/AssetPacks/Standard Assets/Environment/Water/Water/Materials/WaterPlaneMaterial.mat using Guid(f1bc741ea0e69a241896582ddb633d55) Importer(815301076,1909f56bfc062723c751e8b465ee728b)  -> (artifact id: 'ce5682cc302f4f75802080e4b3860758') in 0.072458 seconds 
  Import took 0.082954 seconds .

========================================================================
Received Import Request.
  Time since last request: 0.000185 seconds.
  path: Assets/AssetPacks/StarSparrow/Materials/Extra/StarSparrow_Yellow.mat
  artifactKey: Guid(5953a6e817e87be4195c31da8fdce334) Importer(815301076,1909f56bfc062723c751e8b465ee728b)
Start importing Assets/AssetPacks/StarSparrow/Materials/Extra/StarSparrow_Yellow.mat using Guid(5953a6e817e87be4195c31da8fdce334) Importer(815301076,1909f56bfc062723c751e8b465ee728b)  -> (artifact id: '9cc50ad5f33a542d442957d87bd94e71') in 0.071109 seconds 
  Import took 0.080114 seconds .

========================================================================
Received Import Request.
  Time since last request: 0.000278 seconds.
  path: Assets/AssetPacks/Standard Assets/Environment/Water (Basic)/Materials/WaterBasicNighttime.mat
  artifactKey: Guid(c55afdc4a8a3b4890b07cc7d176510bb) Importer(815301076,1909f56bfc062723c751e8b465ee728b)
Start importing Assets/AssetPacks/Standard Assets/Environment/Water (Basic)/Materials/WaterBasicNighttime.mat using Guid(c55afdc4a8a3b4890b07cc7d176510bb) Importer(815301076,1909f56bfc062723c751e8b465ee728b)  -> (artifact id: '8250e8102cc35c2052a93143fcec8993') in 0.053688 seconds 
  Import took 0.056164 seconds .

========================================================================
Received Import Request.
  Time since last request: 0.000182 seconds.
  path: Assets/AssetPacks/StarSparrow/Materials/Extra/StarSparrow_Black.mat
  artifactKey: Guid(020568ce6bb9b3245a24630d5282ca24) Importer(815301076,1909f56bfc062723c751e8b465ee728b)
Start importing Assets/AssetPacks/StarSparrow/Materials/Extra/StarSparrow_Black.mat using Guid(020568ce6bb9b3245a24630d5282ca24) Importer(815301076,1909f56bfc062723c751e8b465ee728b)  -> (artifact id: '8955241b7ab7b978c0410b55403dd626') in 0.080226 seconds 
  Import took 0.093714 seconds .

========================================================================
Received Import Request.
  Time since last request: 0.000177 seconds.
  path: Assets/AssetPacks/StarSparrow/Materials/StarSparrow_Grey.mat
  artifactKey: Guid(12dffc4c817ab7e4294a82570ef30b58) Importer(815301076,1909f56bfc062723c751e8b465ee728b)
Start importing Assets/AssetPacks/StarSparrow/Materials/StarSparrow_Grey.mat using Guid(12dffc4c817ab7e4294a82570ef30b58) Importer(815301076,1909f56bfc062723c751e8b465ee728b)  -> (artifact id: '7358df0cfae6bba867858266366db18f') in 0.018976 seconds 
  Import took 0.026234 seconds .

========================================================================
Received Import Request.
  Time since last request: 0.000180 seconds.
  path: Assets/AssetPacks/StarSparrow/Materials/Extra/StarSparrow_Cyan.mat
  artifactKey: Guid(d58bf68b17f9a4240aaeb5c200c9a12c) Importer(815301076,1909f56bfc062723c751e8b465ee728b)
Start importing Assets/AssetPacks/StarSparrow/Materials/Extra/StarSparrow_Cyan.mat using Guid(d58bf68b17f9a4240aaeb5c200c9a12c) Importer(815301076,1909f56bfc062723c751e8b465ee728b)  -> (artifact id: '45bfe5147d8f23217ccab8aced152181') in 0.072128 seconds 
  Import took 0.088796 seconds .

========================================================================
Received Import Request.
  Time since last request: 0.000172 seconds.
  path: Assets/AssetPacks/Standard Assets/Environment/Water/Water4/Materials/Water4Simple.mat
  artifactKey: Guid(656fde119942645aa8e062e04c119aa1) Importer(815301076,1909f56bfc062723c751e8b465ee728b)
Start importing Assets/AssetPacks/Standard Assets/Environment/Water/Water4/Materials/Water4Simple.mat using Guid(656fde119942645aa8e062e04c119aa1) Importer(815301076,1909f56bfc062723c751e8b465ee728b)  -> (artifact id: 'e2dd575334f8a0d4b228c4b3d0934abb') in 0.035567 seconds 
  Import took 0.046023 seconds .

========================================================================
Received Prepare
Registering precompiled user dll's ...
Registered in 0.007490 seconds.
Begin MonoManager ReloadAssembly
Native extension for WindowsStandalone target not found
Native extension for WebGL target not found
Refreshing native plugins compatible for Editor in 0.31 ms, found 2 plugins.
Preloading 0 native plugins for Editor in 0.00 ms.
Mono: successfully reloaded assembly
- Completed reload, in  1.098 seconds
Platform modules already initialized, skipping
Refreshing native plugins compatible for Editor in 0.59 ms, found 2 plugins.
Preloading 0 native plugins for Editor in 0.00 ms.
Unloading 1546 Unused Serialized files (Serialized files now loaded: 0)
System memory in use before: 98.0 MB.
System memory in use after: 97.8 MB.

Unloading 17 unused Assets to reduce memory usage. Loaded Objects now: 2109.
Total: 1.646100 ms (FindLiveObjects: 0.159600 ms CreateObjectMapping: 0.050200 ms MarkObjects: 1.285700 ms  DeleteObjects: 0.149700 ms)

AssetImportParameters requested are different than current active one (requested -> active):
  custom:framework-win-MediaFoundation: 216162199b28c13a410421893ffa2e32 -> 
  custom:video-decoder-ogg-theora: a1e56fd34408186e4bbccfd4996cb3dc -> 
  custom:container-muxer-webm: aa71ff27fc2769a1b78a27578f13a17b -> 
  custom:container-demuxer-webm: 4f35f7cbe854078d1ac9338744f61a02 -> 
  custom:container-demuxer-ogg: 62fdf1f143b41e24485cea50d1cbac27 -> 
  custom:video-encoder-webm-vp8: eb34c28f22e8b96e1ab97ce403110664 -> 
  custom:video-decoder-webm-vp8: 9c59270c3fd7afecdb556c50c9e8de78 -> 
  custom:audio-decoder-ogg-vorbis: bf7c407c2cedff20999df2af8eb42d56 -> 
  custom:audio-encoder-webm-vorbis: bf7c407c2cedff20999df2af8eb42d56 -> 
========================================================================
Received Prepare
Registering precompiled user dll's ...
Registered in 0.006773 seconds.
Begin MonoManager ReloadAssembly
Native extension for WindowsStandalone target not found
Native extension for WebGL target not found
Refreshing native plugins compatible for Editor in 0.30 ms, found 2 plugins.
Preloading 0 native plugins for Editor in 0.00 ms.
Mono: successfully reloaded assembly
- Completed reload, in  0.944 seconds
Platform modules already initialized, skipping
Refreshing native plugins compatible for Editor in 0.28 ms, found 2 plugins.
Preloading 0 native plugins for Editor in 0.00 ms.
Unloading 1546 Unused Serialized files (Serialized files now loaded: 0)
System memory in use before: 98.0 MB.
System memory in use after: 97.9 MB.

Unloading 17 unused Assets to reduce memory usage. Loaded Objects now: 2112.
Total: 1.530900 ms (FindLiveObjects: 0.121500 ms CreateObjectMapping: 0.043200 ms MarkObjects: 1.217200 ms  DeleteObjects: 0.148200 ms)

AssetImportParameters requested are different than current active one (requested -> active):
  custom:framework-win-MediaFoundation: 216162199b28c13a410421893ffa2e32 -> 
  custom:video-decoder-ogg-theora: a1e56fd34408186e4bbccfd4996cb3dc -> 
  custom:container-muxer-webm: aa71ff27fc2769a1b78a27578f13a17b -> 
  custom:container-demuxer-webm: 4f35f7cbe854078d1ac9338744f61a02 -> 
  custom:container-demuxer-ogg: 62fdf1f143b41e24485cea50d1cbac27 -> 
  custom:video-encoder-webm-vp8: eb34c28f22e8b96e1ab97ce403110664 -> 
  custom:video-decoder-webm-vp8: 9c59270c3fd7afecdb556c50c9e8de78 -> 
  custom:audio-decoder-ogg-vorbis: bf7c407c2cedff20999df2af8eb42d56 -> 
  custom:audio-encoder-webm-vorbis: bf7c407c2cedff20999df2af8eb42d56 -> 
========================================================================
Received Prepare
Registering precompiled user dll's ...
Registered in 0.008476 seconds.
Begin MonoManager ReloadAssembly
Native extension for WindowsStandalone target not found
Native extension for WebGL target not found
Refreshing native plugins compatible for Editor in 0.31 ms, found 2 plugins.
Preloading 0 native plugins for Editor in 0.00 ms.
Mono: successfully reloaded assembly
- Completed reload, in  1.068 seconds
Platform modules already initialized, skipping
Refreshing native plugins compatible for Editor in 0.31 ms, found 2 plugins.
Preloading 0 native plugins for Editor in 0.00 ms.
Unloading 1546 Unused Serialized files (Serialized files now loaded: 0)
System memory in use before: 98.0 MB.
System memory in use after: 97.9 MB.

Unloading 17 unused Assets to reduce memory usage. Loaded Objects now: 2115.
Total: 1.512100 ms (FindLiveObjects: 0.140700 ms CreateObjectMapping: 0.042000 ms MarkObjects: 1.181700 ms  DeleteObjects: 0.146800 ms)

AssetImportParameters requested are different than current active one (requested -> active):
  custom:framework-win-MediaFoundation: 216162199b28c13a410421893ffa2e32 -> 
  custom:video-decoder-ogg-theora: a1e56fd34408186e4bbccfd4996cb3dc -> 
  custom:container-muxer-webm: aa71ff27fc2769a1b78a27578f13a17b -> 
  custom:container-demuxer-webm: 4f35f7cbe854078d1ac9338744f61a02 -> 
  custom:container-demuxer-ogg: 62fdf1f143b41e24485cea50d1cbac27 -> 
  custom:video-encoder-webm-vp8: eb34c28f22e8b96e1ab97ce403110664 -> 
  custom:video-decoder-webm-vp8: 9c59270c3fd7afecdb556c50c9e8de78 -> 
  custom:audio-decoder-ogg-vorbis: bf7c407c2cedff20999df2af8eb42d56 -> 
  custom:audio-encoder-webm-vorbis: bf7c407c2cedff20999df2af8eb42d56 -> 
========================================================================
Received Prepare
Registering precompiled user dll's ...
Registered in 0.008523 seconds.
Begin MonoManager ReloadAssembly
Native extension for WindowsStandalone target not found
Native extension for WebGL target not found
Refreshing native plugins compatible for Editor in 0.29 ms, found 2 plugins.
Preloading 0 native plugins for Editor in 0.00 ms.
Mono: successfully reloaded assembly
- Completed reload, in  1.059 seconds
Platform modules already initialized, skipping
Refreshing native plugins compatible for Editor in 0.38 ms, found 2 plugins.
Preloading 0 native plugins for Editor in 0.00 ms.
Unloading 1546 Unused Serialized files (Serialized files now loaded: 0)
System memory in use before: 98.0 MB.
System memory in use after: 97.9 MB.

Unloading 17 unused Assets to reduce memory usage. Loaded Objects now: 2118.
Total: 1.944900 ms (FindLiveObjects: 0.141000 ms CreateObjectMapping: 0.044300 ms MarkObjects: 1.589800 ms  DeleteObjects: 0.168400 ms)

AssetImportParameters requested are different than current active one (requested -> active):
  custom:framework-win-MediaFoundation: 216162199b28c13a410421893ffa2e32 -> 
  custom:video-decoder-ogg-theora: a1e56fd34408186e4bbccfd4996cb3dc -> 
  custom:container-muxer-webm: aa71ff27fc2769a1b78a27578f13a17b -> 
  custom:container-demuxer-webm: 4f35f7cbe854078d1ac9338744f61a02 -> 
  custom:container-demuxer-ogg: 62fdf1f143b41e24485cea50d1cbac27 -> 
  custom:video-encoder-webm-vp8: eb34c28f22e8b96e1ab97ce403110664 -> 
  custom:video-decoder-webm-vp8: 9c59270c3fd7afecdb556c50c9e8de78 -> 
  custom:audio-decoder-ogg-vorbis: bf7c407c2cedff20999df2af8eb42d56 -> 
  custom:audio-encoder-webm-vorbis: bf7c407c2cedff20999df2af8eb42d56 -> 
========================================================================
Received Prepare
Registering precompiled user dll's ...
Registered in 0.006906 seconds.
Begin MonoManager ReloadAssembly
Native extension for WindowsStandalone target not found
Native extension for WebGL target not found
Refreshing native plugins compatible for Editor in 0.28 ms, found 2 plugins.
Preloading 0 native plugins for Editor in 0.00 ms.
Mono: successfully reloaded assembly
- Completed reload, in  1.010 seconds
Platform modules already initialized, skipping
Refreshing native plugins compatible for Editor in 0.28 ms, found 2 plugins.
Preloading 0 native plugins for Editor in 0.00 ms.
Unloading 1546 Unused Serialized files (Serialized files now loaded: 0)
System memory in use before: 98.0 MB.
System memory in use after: 97.9 MB.

Unloading 17 unused Assets to reduce memory usage. Loaded Objects now: 2121.
Total: 1.952300 ms (FindLiveObjects: 0.225400 ms CreateObjectMapping: 0.062600 ms MarkObjects: 1.505000 ms  DeleteObjects: 0.158200 ms)

AssetImportParameters requested are different than current active one (requested -> active):
  custom:framework-win-MediaFoundation: 216162199b28c13a410421893ffa2e32 -> 
  custom:video-decoder-ogg-theora: a1e56fd34408186e4bbccfd4996cb3dc -> 
  custom:container-muxer-webm: aa71ff27fc2769a1b78a27578f13a17b -> 
  custom:container-demuxer-webm: 4f35f7cbe854078d1ac9338744f61a02 -> 
  custom:container-demuxer-ogg: 62fdf1f143b41e24485cea50d1cbac27 -> 
  custom:video-encoder-webm-vp8: eb34c28f22e8b96e1ab97ce403110664 -> 
  custom:video-decoder-webm-vp8: 9c59270c3fd7afecdb556c50c9e8de78 -> 
  custom:audio-decoder-ogg-vorbis: bf7c407c2cedff20999df2af8eb42d56 -> 
  custom:audio-encoder-webm-vorbis: bf7c407c2cedff20999df2af8eb42d56 -> 
========================================================================
Received Prepare
Registering precompiled user dll's ...
Registered in 0.007267 seconds.
Begin MonoManager ReloadAssembly
Native extension for WindowsStandalone target not found
Native extension for WebGL target not found
Refreshing native plugins compatible for Editor in 0.29 ms, found 2 plugins.
Preloading 0 native plugins for Editor in 0.00 ms.
Mono: successfully reloaded assembly
- Completed reload, in  1.086 seconds
Platform modules already initialized, skipping
Refreshing native plugins compatible for Editor in 0.30 ms, found 2 plugins.
Preloading 0 native plugins for Editor in 0.00 ms.
Unloading 1546 Unused Serialized files (Serialized files now loaded: 0)
System memory in use before: 98.0 MB.
System memory in use after: 97.9 MB.

Unloading 17 unused Assets to reduce memory usage. Loaded Objects now: 2124.
Total: 1.506100 ms (FindLiveObjects: 0.120000 ms CreateObjectMapping: 0.037900 ms MarkObjects: 1.177100 ms  DeleteObjects: 0.170200 ms)

AssetImportParameters requested are different than current active one (requested -> active):
  custom:framework-win-MediaFoundation: 216162199b28c13a410421893ffa2e32 -> 
  custom:video-decoder-ogg-theora: a1e56fd34408186e4bbccfd4996cb3dc -> 
  custom:container-muxer-webm: aa71ff27fc2769a1b78a27578f13a17b -> 
  custom:container-demuxer-webm: 4f35f7cbe854078d1ac9338744f61a02 -> 
  custom:container-demuxer-ogg: 62fdf1f143b41e24485cea50d1cbac27 -> 
  custom:video-encoder-webm-vp8: eb34c28f22e8b96e1ab97ce403110664 -> 
  custom:video-decoder-webm-vp8: 9c59270c3fd7afecdb556c50c9e8de78 -> 
  custom:audio-decoder-ogg-vorbis: bf7c407c2cedff20999df2af8eb42d56 -> 
  custom:audio-encoder-webm-vorbis: bf7c407c2cedff20999df2af8eb42d56 -> 
========================================================================
Received Prepare
Registering precompiled user dll's ...
Registered in 0.012062 seconds.
Begin MonoManager ReloadAssembly
Native extension for WindowsStandalone target not found
Native extension for WebGL target not found
Refreshing native plugins compatible for Editor in 0.29 ms, found 2 plugins.
Preloading 0 native plugins for Editor in 0.00 ms.
Mono: successfully reloaded assembly
- Completed reload, in  1.038 seconds
Platform modules already initialized, skipping
Refreshing native plugins compatible for Editor in 0.64 ms, found 2 plugins.
Preloading 0 native plugins for Editor in 0.00 ms.
Unloading 1546 Unused Serialized files (Serialized files now loaded: 0)
System memory in use before: 98.0 MB.
System memory in use after: 97.9 MB.

Unloading 17 unused Assets to reduce memory usage. Loaded Objects now: 2127.
Total: 1.554400 ms (FindLiveObjects: 0.125100 ms CreateObjectMapping: 0.040300 ms MarkObjects: 1.235100 ms  DeleteObjects: 0.152800 ms)

AssetImportParameters requested are different than current active one (requested -> active):
  custom:framework-win-MediaFoundation: 216162199b28c13a410421893ffa2e32 -> 
  custom:video-decoder-ogg-theora: a1e56fd34408186e4bbccfd4996cb3dc -> 
  custom:container-muxer-webm: aa71ff27fc2769a1b78a27578f13a17b -> 
  custom:container-demuxer-webm: 4f35f7cbe854078d1ac9338744f61a02 -> 
  custom:container-demuxer-ogg: 62fdf1f143b41e24485cea50d1cbac27 -> 
  custom:video-encoder-webm-vp8: eb34c28f22e8b96e1ab97ce403110664 -> 
  custom:video-decoder-webm-vp8: 9c59270c3fd7afecdb556c50c9e8de78 -> 
  custom:audio-decoder-ogg-vorbis: bf7c407c2cedff20999df2af8eb42d56 -> 
  custom:audio-encoder-webm-vorbis: bf7c407c2cedff20999df2af8eb42d56 -> 
========================================================================
Received Import Request.
  Time since last request: 1000.945400 seconds.
  path: Assets/Prefabs/Player Rig.prefab
  artifactKey: Guid(b70e4843948439c4b9a4ceb682a5a5e9) Importer(815301076,1909f56bfc062723c751e8b465ee728b)
Start importing Assets/Prefabs/Player Rig.prefab using Guid(b70e4843948439c4b9a4ceb682a5a5e9) Importer(815301076,1909f56bfc062723c751e8b465ee728b)  -> (artifact id: '64679c07581b853da8e4aba99060cb4a') in 0.098943 seconds 
  Import took 0.143596 seconds .

========================================================================
Received Prepare
Registering precompiled user dll's ...
Registered in 0.008299 seconds.
Begin MonoManager ReloadAssembly
Native extension for WindowsStandalone target not found
Native extension for WebGL target not found
Refreshing native plugins compatible for Editor in 0.34 ms, found 2 plugins.
Preloading 0 native plugins for Editor in 0.00 ms.
Mono: successfully reloaded assembly
- Completed reload, in  0.985 seconds
Platform modules already initialized, skipping
Refreshing native plugins compatible for Editor in 0.31 ms, found 2 plugins.
Preloading 0 native plugins for Editor in 0.00 ms.
Unloading 1546 Unused Serialized files (Serialized files now loaded: 0)
System memory in use before: 98.0 MB.
System memory in use after: 97.9 MB.

Unloading 17 unused Assets to reduce memory usage. Loaded Objects now: 2131.
Total: 1.918900 ms (FindLiveObjects: 0.135600 ms CreateObjectMapping: 0.041800 ms MarkObjects: 1.576800 ms  DeleteObjects: 0.163800 ms)

AssetImportParameters requested are different than current active one (requested -> active):
  custom:framework-win-MediaFoundation: 216162199b28c13a410421893ffa2e32 -> 
  custom:video-decoder-ogg-theora: a1e56fd34408186e4bbccfd4996cb3dc -> 
  custom:container-muxer-webm: aa71ff27fc2769a1b78a27578f13a17b -> 
  custom:container-demuxer-webm: 4f35f7cbe854078d1ac9338744f61a02 -> 
  custom:container-demuxer-ogg: 62fdf1f143b41e24485cea50d1cbac27 -> 
  custom:video-encoder-webm-vp8: eb34c28f22e8b96e1ab97ce403110664 -> 
  custom:video-decoder-webm-vp8: 9c59270c3fd7afecdb556c50c9e8de78 -> 
  custom:audio-decoder-ogg-vorbis: bf7c407c2cedff20999df2af8eb42d56 -> 
  custom:audio-encoder-webm-vorbis: bf7c407c2cedff20999df2af8eb42d56 -> 
========================================================================
Received Import Request.
  Time since last request: 188.047561 seconds.
  path: Assets/Prefabs/Laser.prefab
  artifactKey: Guid(11d1ff44ef7e60a419dde1792340b565) Importer(815301076,1909f56bfc062723c751e8b465ee728b)
Start importing Assets/Prefabs/Laser.prefab using Guid(11d1ff44ef7e60a419dde1792340b565) Importer(815301076,1909f56bfc062723c751e8b465ee728b)  -> (artifact id: 'd968c634d168391f16acb5fe2f0bade7') in 0.033186 seconds 
  Import took 0.051011 seconds .

========================================================================
Received Import Request.
  Time since last request: 0.000180 seconds.
  path: Assets/Prefabs/StarSparrow3.prefab
  artifactKey: Guid(e261f7b66a8f0fd4492d87df1eee4222) Importer(815301076,1909f56bfc062723c751e8b465ee728b)
Start importing Assets/Prefabs/StarSparrow3.prefab using Guid(e261f7b66a8f0fd4492d87df1eee4222) Importer(815301076,1909f56bfc062723c751e8b465ee728b)  -> (artifact id: 'b4cfeef6e6bae17071d40f6a8960283d') in 0.043973 seconds 
  Import took 0.047082 seconds .

========================================================================
Received Import Request.
  Time since last request: 0.000178 seconds.
  path: Assets/Prefabs/Player Rig.prefab
  artifactKey: Guid(b70e4843948439c4b9a4ceb682a5a5e9) Importer(815301076,1909f56bfc062723c751e8b465ee728b)
Start importing Assets/Prefabs/Player Rig.prefab using Guid(b70e4843948439c4b9a4ceb682a5a5e9) Importer(815301076,1909f56bfc062723c751e8b465ee728b)  -> (artifact id: 'a872f3291cbe2005ca3e3f99316bf597') in 0.020003 seconds 
  Import took 0.022628 seconds .

========================================================================
Received Import Request.
  Time since last request: 20.157543 seconds.
  path: Assets/Prefabs/Player Rig.prefab
  artifactKey: Guid(b70e4843948439c4b9a4ceb682a5a5e9) Importer(815301076,1909f56bfc062723c751e8b465ee728b)
Start importing Assets/Prefabs/Player Rig.prefab using Guid(b70e4843948439c4b9a4ceb682a5a5e9) Importer(815301076,1909f56bfc062723c751e8b465ee728b)  -> (artifact id: '28e366bb3bdbdc024e1c938240f655b2') in 0.022727 seconds 
  Import took 0.025432 seconds .

AssetImportWorkerClient::OnTransportError - code=2 error=End of file
